  compilation header save succeeded; see C:\Denis Learning\repos\LBEngine2\LBEngine\inc\PixelShader.h
  compilation object save succeeded; see C:\Denis Learning\repos\LBEngine2\LBEngine\bin64\BasicPixelShader_d.cso
  Microsoft (R) Direct3D Shader Compiler 10.1
  Copyright (C) 2013 Microsoft. All rights reserved.
  
  compilation header save succeeded; see C:\Denis Learning\repos\LBEngine2\LBEngine\inc\VertexShader.h
  compilation object save succeeded; see C:\Denis Learning\repos\LBEngine2\LBEngine\bin64\BasicVertexShader.cso
C:\Denis Learning\repos\LBEngine2\LBEngine\Data\Shaders\CircleGeometryShader.hlsl(50,7-11): warning X3556: integer modulus may be much slower, try using uints if possible.
C:\Denis Learning\repos\LBEngine2\LBEngine\Data\Shaders\CircleGeometryShader.hlsl(51,17-21): warning X3556: integer divides may be much slower, try using uints if possible.
C:\Denis Learning\repos\LBEngine2\LBEngine\Data\Shaders\CircleGeometryShader.hlsl(53,21-25): warning X3556: integer divides may be much slower, try using uints if possible.
FXC : warning X4715: emitting a system-interpreted value which may not be written in every execution path of the shader
FXC : warning X4715: emitting a system-interpreted value which may not be written in every execution path of the shader
FXC : warning X4715: emitting a system-interpreted value which may not be written in every execution path of the shader
FXC : warning X4715: emitting a system-interpreted value which may not be written in every execution path of the shader
  
  compilation header save succeeded; see C:\Denis Learning\repos\LBEngine2\LBEngine\inc\CircleGeometryShader.h
  compilation object save succeeded; see C:\Denis Learning\repos\LBEngine2\LBEngine\bin64\CircleGeometryShader_d.cso
C:\Denis Learning\repos\LBEngine2\LBEngine\Data\Shaders\PixelDopplerShader.hlsl(189,2-12): warning X3205: conversion from larger type to smaller, possible loss of data
C:\Denis Learning\repos\LBEngine2\LBEngine\Data\Shaders\PixelDopplerShader.hlsl(212,20-54): warning X3205: 'getWavelengthFromFrequency': conversion from larger type to smaller, possible loss of data
C:\Denis Learning\repos\LBEngine2\LBEngine\Data\Shaders\PixelDopplerShader.hlsl(45,2): warning X4000: use of potentially uninitialized variable (rgb2hsv)
  
  compilation header save succeeded; see C:\Denis Learning\repos\LBEngine2\LBEngine\inc\PixelShaderDoppler.h
  compilation object save succeeded; see C:\Denis Learning\repos\LBEngine2\LBEngine\bin64\PixelDopplerShader_d.cso
C:\Denis Learning\repos\LBEngine2\LBEngine\Data\Shaders\MorphingVertexShader.hlsl(35,9-24): warning X3206: implicit truncation of vector type
  
  compilation object save succeeded; see C:\Denis Learning\repos\LBEngine2\LBEngine\bin64\MorphingVertexShader.cso
C:\Denis Learning\repos\LBEngine2\LBEngine\Data\Shaders\VertexEllipticalDopplerShader.hlsl(19,13-27): warning X3207: Initializer used on a global 'const' variable. This requires setting an external constant. If a literal is desired, use 'static const' instead.
C:\Denis Learning\repos\LBEngine2\LBEngine\Data\Shaders\VertexEllipticalDopplerShader.hlsl(97,18-35): warning X3205: 'RadiusFunction': conversion from larger type to smaller, possible loss of data
C:\Denis Learning\repos\LBEngine2\LBEngine\Data\Shaders\VertexEllipticalDopplerShader.hlsl(100,3-31): warning X3205: conversion from larger type to smaller, possible loss of data
C:\Denis Learning\repos\LBEngine2\LBEngine\Data\Shaders\VertexEllipticalDopplerShader.hlsl(106,39-83): warning X3205: 'sin': conversion from larger type to smaller, possible loss of data
C:\Denis Learning\repos\LBEngine2\LBEngine\Data\Shaders\VertexEllipticalDopplerShader.hlsl(106,9-88): warning X3205: conversion from larger type to smaller, possible loss of data
C:\Denis Learning\repos\LBEngine2\LBEngine\Data\Shaders\VertexEllipticalDopplerShader.hlsl(107,18-142): warning X3205: 'sqrt': conversion from larger type to smaller, possible loss of data
C:\Denis Learning\repos\LBEngine2\LBEngine\Data\Shaders\VertexEllipticalDopplerShader.hlsl(113,19-89): warning X3205: 'SphericalDistance': conversion from larger type to smaller, possible loss of data
C:\Denis Learning\repos\LBEngine2\LBEngine\Data\Shaders\VertexEllipticalDopplerShader.hlsl(117,21-44): warning X3205: 'RadiusFunction': conversion from larger type to smaller, possible loss of data
C:\Denis Learning\repos\LBEngine2\LBEngine\Data\Shaders\VertexEllipticalDopplerShader.hlsl(121,27-50): warning X3205: 'exp': conversion from larger type to smaller, possible loss of data
C:\Denis Learning\repos\LBEngine2\LBEngine\Data\Shaders\VertexEllipticalDopplerShader.hlsl(122,2-37): warning X3205: conversion from larger type to smaller, possible loss of data
C:\Denis Learning\repos\LBEngine2\LBEngine\Data\Shaders\VertexEllipticalDopplerShader.hlsl(65,2): warning X4000: use of potentially uninitialized variable (viewMatrix)
C:\Denis Learning\repos\LBEngine2\LBEngine\Data\Shaders\VertexEllipticalDopplerShader.hlsl(65,2): warning X4000: use of potentially uninitialized variable (projectionMatrix)
  
  compilation header save succeeded; see C:\Denis Learning\repos\LBEngine2\LBEngine\inc\EllDopplerVertexShader.h
  compilation object save succeeded; see C:\Denis Learning\repos\LBEngine2\LBEngine\bin64\VertexEllipticalDopplerShader_d.cso
C:\Denis Learning\repos\LBEngine2\LBEngine\Data\Shaders\VertexEllipticalExpFogShader.hlsl(19,13-27): warning X3207: Initializer used on a global 'const' variable. This requires setting an external constant. If a literal is desired, use 'static const' instead.
C:\Denis Learning\repos\LBEngine2\LBEngine\Data\Shaders\VertexEllipticalExpFogShader.hlsl(68,3-31): warning X3205: conversion from larger type to smaller, possible loss of data
C:\Denis Learning\repos\LBEngine2\LBEngine\Data\Shaders\VertexEllipticalExpFogShader.hlsl(74,39-83): warning X3205: 'sin': conversion from larger type to smaller, possible loss of data
C:\Denis Learning\repos\LBEngine2\LBEngine\Data\Shaders\VertexEllipticalExpFogShader.hlsl(74,9-88): warning X3205: conversion from larger type to smaller, possible loss of data
C:\Denis Learning\repos\LBEngine2\LBEngine\Data\Shaders\VertexEllipticalExpFogShader.hlsl(75,18-142): warning X3205: 'sqrt': conversion from larger type to smaller, possible loss of data
C:\Denis Learning\repos\LBEngine2\LBEngine\Data\Shaders\VertexEllipticalExpFogShader.hlsl(84,19-89): warning X3205: 'SphericalDistance': conversion from larger type to smaller, possible loss of data
C:\Denis Learning\repos\LBEngine2\LBEngine\Data\Shaders\VertexEllipticalExpFogShader.hlsl(89,27-50): warning X3205: 'exp': conversion from larger type to smaller, possible loss of data
C:\Denis Learning\repos\LBEngine2\LBEngine\Data\Shaders\VertexEllipticalExpFogShader.hlsl(59,2): warning X4000: use of potentially uninitialized variable (viewMatrix)
C:\Denis Learning\repos\LBEngine2\LBEngine\Data\Shaders\VertexEllipticalExpFogShader.hlsl(59,2): warning X4000: use of potentially uninitialized variable (projectionMatrix)
  
  compilation header save succeeded; see C:\Denis Learning\repos\LBEngine2\LBEngine\inc\EllExpVertexShader.h
  compilation object save succeeded; see C:\Denis Learning\repos\LBEngine2\LBEngine\bin64\VertexEllipticalExpFogShader_d.cso
C:\Denis Learning\repos\LBEngine2\LBEngine\Data\Shaders\VertexEllipticalExpSqFogShader.hlsl(53,2): warning X4000: use of potentially uninitialized variable (viewMatrix)
C:\Denis Learning\repos\LBEngine2\LBEngine\Data\Shaders\VertexEllipticalExpSqFogShader.hlsl(53,2): warning X4000: use of potentially uninitialized variable (projectionMatrix)
  
  compilation header save succeeded; see C:\Denis Learning\repos\LBEngine2\LBEngine\inc\EllExp2VertexShader.h
  compilation object save succeeded; see C:\Denis Learning\repos\LBEngine2\LBEngine\bin64\VertexEllipticalExpSqFogShader_d.cso
C:\Denis Learning\repos\LBEngine2\LBEngine\Data\Shaders\VertexHyperbolicExpFogShader.hlsl(52,27-50): warning X3205: 'exp': conversion from larger type to smaller, possible loss of data
  
  compilation header save succeeded; see C:\Denis Learning\repos\LBEngine2\LBEngine\inc\HypExpVertexShader.h
  compilation object save succeeded; see C:\Denis Learning\repos\LBEngine2\LBEngine\bin64\VertexHyperbolicExpFogShader_d.cso
C:\Denis Learning\repos\LBEngine2\LBEngine\Data\Shaders\VertexSphericalDopplerShader.hlsl(85,18-35): warning X3205: 'RadiusFunction': conversion from larger type to smaller, possible loss of data
C:\Denis Learning\repos\LBEngine2\LBEngine\Data\Shaders\VertexSphericalDopplerShader.hlsl(88,3-31): warning X3205: conversion from larger type to smaller, possible loss of data
C:\Denis Learning\repos\LBEngine2\LBEngine\Data\Shaders\VertexSphericalDopplerShader.hlsl(96,28-65): warning X3205: 'RadiusAbridgedFunction': conversion from larger type to smaller, possible loss of data
C:\Denis Learning\repos\LBEngine2\LBEngine\Data\Shaders\VertexSphericalDopplerShader.hlsl(98,48-101): warning X3205: 'sin': conversion from larger type to smaller, possible loss of data
C:\Denis Learning\repos\LBEngine2\LBEngine\Data\Shaders\VertexSphericalDopplerShader.hlsl(98,9-106): warning X3205: conversion from larger type to smaller, possible loss of data
C:\Denis Learning\repos\LBEngine2\LBEngine\Data\Shaders\VertexSphericalDopplerShader.hlsl(105,18-160): warning X3205: 'sqrt': conversion from larger type to smaller, possible loss of data
C:\Denis Learning\repos\LBEngine2\LBEngine\Data\Shaders\VertexSphericalDopplerShader.hlsl(114,3-38): warning X3205: conversion from larger type to smaller, possible loss of data
C:\Denis Learning\repos\LBEngine2\LBEngine\Data\Shaders\VertexSphericalDopplerShader.hlsl(119,19-89): warning X3205: 'SphericalDistance': conversion from larger type to smaller, possible loss of data
C:\Denis Learning\repos\LBEngine2\LBEngine\Data\Shaders\VertexSphericalDopplerShader.hlsl(121,3-33): warning X3205: conversion from larger type to smaller, possible loss of data
C:\Denis Learning\repos\LBEngine2\LBEngine\Data\Shaders\VertexSphericalDopplerShader.hlsl(126,21-44): warning X3205: 'RadiusFunction': conversion from larger type to smaller, possible loss of data
C:\Denis Learning\repos\LBEngine2\LBEngine\Data\Shaders\VertexSphericalDopplerShader.hlsl(130,27-50): warning X3205: 'exp': conversion from larger type to smaller, possible loss of data
C:\Denis Learning\repos\LBEngine2\LBEngine\Data\Shaders\VertexSphericalDopplerShader.hlsl(131,2-37): warning X3205: conversion from larger type to smaller, possible loss of data
C:\Denis Learning\repos\LBEngine2\LBEngine\Data\Shaders\VertexSphericalDopplerShader.hlsl(71,2): warning X4000: use of potentially uninitialized variable (viewMatrix)
C:\Denis Learning\repos\LBEngine2\LBEngine\Data\Shaders\VertexSphericalDopplerShader.hlsl(71,2): warning X4000: use of potentially uninitialized variable (projectionMatrix)
  
  compilation header save succeeded; see C:\Denis Learning\repos\LBEngine2\LBEngine\inc\SphDopplerVertexShader.h
  compilation object save succeeded; see C:\Denis Learning\repos\LBEngine2\LBEngine\bin64\VertexSphericalDopplerShader_d.cso
C:\Denis Learning\repos\LBEngine2\LBEngine\Data\Shaders\VertexSphericalExpFogShader.hlsl(64,3-31): warning X3205: conversion from larger type to smaller, possible loss of data
C:\Denis Learning\repos\LBEngine2\LBEngine\Data\Shaders\VertexSphericalExpFogShader.hlsl(70,39-83): warning X3205: 'sin': conversion from larger type to smaller, possible loss of data
C:\Denis Learning\repos\LBEngine2\LBEngine\Data\Shaders\VertexSphericalExpFogShader.hlsl(70,9-88): warning X3205: conversion from larger type to smaller, possible loss of data
C:\Denis Learning\repos\LBEngine2\LBEngine\Data\Shaders\VertexSphericalExpFogShader.hlsl(77,18-142): warning X3205: 'sqrt': conversion from larger type to smaller, possible loss of data
C:\Denis Learning\repos\LBEngine2\LBEngine\Data\Shaders\VertexSphericalExpFogShader.hlsl(89,19-89): warning X3205: 'SphericalDistance': conversion from larger type to smaller, possible loss of data
C:\Denis Learning\repos\LBEngine2\LBEngine\Data\Shaders\VertexSphericalExpFogShader.hlsl(91,3-33): warning X3205: conversion from larger type to smaller, possible loss of data
C:\Denis Learning\repos\LBEngine2\LBEngine\Data\Shaders\VertexSphericalExpFogShader.hlsl(92,27-50): warning X3205: 'exp': conversion from larger type to smaller, possible loss of data
C:\Denis Learning\repos\LBEngine2\LBEngine\Data\Shaders\VertexSphericalExpFogShader.hlsl(55,2): warning X4000: use of potentially uninitialized variable (viewMatrix)
C:\Denis Learning\repos\LBEngine2\LBEngine\Data\Shaders\VertexSphericalExpFogShader.hlsl(55,2): warning X4000: use of potentially uninitialized variable (projectionMatrix)
  
  compilation header save succeeded; see C:\Denis Learning\repos\LBEngine2\LBEngine\inc\SphExpVertexShader.h
  compilation object save succeeded; see C:\Denis Learning\repos\LBEngine2\LBEngine\bin64\VertexSphericalExpFogShader_d.cso
C:\Denis Learning\repos\LBEngine2\LBEngine\Data\Shaders\VertexSphericalExpSqFogShader.hlsl(49,2): warning X4000: use of potentially uninitialized variable (viewMatrix)
C:\Denis Learning\repos\LBEngine2\LBEngine\Data\Shaders\VertexSphericalExpSqFogShader.hlsl(49,2): warning X4000: use of potentially uninitialized variable (projectionMatrix)
  
  compilation header save succeeded; see C:\Denis Learning\repos\LBEngine2\LBEngine\inc\SphExp2VertexShader.h
  compilation object save succeeded; see C:\Denis Learning\repos\LBEngine2\LBEngine\bin64\VertexSphericalExpSqFogShader_d.cso
C:\Denis Learning\repos\LBEngine2\LBEngine\Data\Shaders\VertexToricExpFogShader.hlsl(65,27-53): warning X3205: 'exp': conversion from larger type to smaller, possible loss of data
  
  compilation header save succeeded; see C:\Denis Learning\repos\LBEngine2\LBEngine\inc\TorExpVertexShader.h
  compilation object save succeeded; see C:\Denis Learning\repos\LBEngine2\LBEngine\bin64\VertexToricExpFogShader_d.cso
  compilation header save succeeded; see C:\Denis Learning\repos\LBEngine2\LBEngine\inc\GeometryShader.h
  compilation object save succeeded; see C:\Denis Learning\repos\LBEngine2\LBEngine\bin64\GeometryShader.cso
  pch.cpp
  CameraActionSystem.cpp
C:\Denis Learning\repos\LBEngine2\LBEngine\inc\FPSCounter.h(17,23): warning C4244: инициализация: преобразование "double" в "size_t", возможна потеря данных
C:\Denis Learning\repos\LBEngine2\LBEngine\inc\CameraActionSystem.cpp(21,60): warning C4244: аргумент: преобразование "double" в "float", возможна потеря данных
C:\Denis Learning\repos\LBEngine2\LBEngine\inc\CameraActionSystem.cpp(21,1): warning C4305: аргумент: усечение из "double" в "float"
C:\Denis Learning\repos\LBEngine2\LBEngine\inc\CameraActionSystem.cpp(24,46): warning C4244: аргумент: преобразование "double" в "float", возможна потеря данных
C:\Denis Learning\repos\LBEngine2\LBEngine\inc\CameraActionSystem.cpp(25,46): warning C4244: аргумент: преобразование "double" в "float", возможна потеря данных
  MeshComponent.cpp
  BitmapComponent.cpp
C:\Denis Learning\repos\LBEngine2\LBEngine\inc\FPSCounter.h(17,23): warning C4244: инициализация: преобразование "double" в "size_t", возможна потеря данных
C:\Denis Learning\repos\LBEngine2\LBEngine\src\BitmapComponent.cpp(70,6): warning C4101: i: неиспользованная локальная переменная
  BitmapRenderSystem.cpp
C:\Denis Learning\repos\LBEngine2\LBEngine\inc\FPSCounter.h(17,23): warning C4244: инициализация: преобразование "double" в "size_t", возможна потеря данных
  CameraComponent.cpp
C:\Denis Learning\repos\LBEngine2\LBEngine\src\CameraComponent.cpp(56,77): warning C4244: аргумент: преобразование "double" в "float", возможна потеря данных
C:\Denis Learning\repos\LBEngine2\LBEngine\src\CameraComponent.cpp(56,64): warning C4244: аргумент: преобразование "double" в "float", возможна потеря данных
C:\Denis Learning\repos\LBEngine2\LBEngine\src\CameraComponent.cpp(56,54): warning C4244: аргумент: преобразование "double" в "float", возможна потеря данных
C:\Denis Learning\repos\LBEngine2\LBEngine\src\CameraComponent.cpp(56,46): warning C4244: аргумент: преобразование "double" в "float", возможна потеря данных
C:\Denis Learning\repos\LBEngine2\LBEngine\src\CameraComponent.cpp(58,96): warning C4244: аргумент: преобразование "double" в "float", возможна потеря данных
C:\Denis Learning\repos\LBEngine2\LBEngine\src\CameraComponent.cpp(58,83): warning C4244: аргумент: преобразование "double" в "float", возможна потеря данных
C:\Denis Learning\repos\LBEngine2\LBEngine\src\CameraComponent.cpp(58,69): warning C4244: аргумент: преобразование "double" в "float", возможна потеря данных
C:\Denis Learning\repos\LBEngine2\LBEngine\src\CameraComponent.cpp(58,57): warning C4244: аргумент: преобразование "double" в "float", возможна потеря данных
  Component.cpp
  ComponentTypeManager.cpp
C:\Denis Learning\repos\LBEngine2\LBEngine\src\ComponentTypeManager.cpp(14,52): warning C4267: =: преобразование из "size_t" в "int"; возможна потеря данных
  DopplerComponent.cpp
  DynamicSound.cpp
C:\Denis Learning\repos\LBEngine2\LBEngine\inc\FPSCounter.h(17,23): warning C4244: инициализация: преобразование "double" в "size_t", возможна потеря данных
C:\Denis Learning\repos\LBEngine2\LBEngine\src\DynamicSound.cpp(17,24): warning C4244: =: преобразование "double" в "size_t", возможна потеря данных
C:\Denis Learning\repos\LBEngine2\LBEngine\src\DynamicSound.cpp(34,1): warning C4267: аргумент: преобразование из "size_t" в "int"; возможна потеря данных
  Effect.cpp
  Entity.cpp
C:\Denis Learning\repos\LBEngine2\LBEngine\inc\FPSCounter.h(17,23): warning C4244: инициализация: преобразование "double" в "size_t", возможна потеря данных
  EuclideanMeshComponentFactory.cpp
C:\Denis Learning\repos\LBEngine2\LBEngine\inc\FPSCounter.h(17,23): warning C4244: инициализация: преобразование "double" в "size_t", возможна потеря данных
C:\Denis Learning\repos\LBEngine2\LBEngine\src\EuclideanMeshComponentFactory.cpp(21,40): warning C4244: аргумент: преобразование "double" в "float", возможна потеря данных
C:\Denis Learning\repos\LBEngine2\LBEngine\src\EuclideanMeshComponentFactory.cpp(32,37): warning C4244: аргумент: преобразование "double" в "float", возможна потеря данных
C:\Denis Learning\repos\LBEngine2\LBEngine\src\EuclideanMeshComponentFactory.cpp(31,25): warning C4244: аргумент: преобразование "double" в "float", возможна потеря данных
C:\Denis Learning\repos\LBEngine2\LBEngine\src\EuclideanMeshComponentFactory.cpp(30,37): warning C4244: аргумент: преобразование "double" в "float", возможна потеря данных
C:\Denis Learning\repos\LBEngine2\LBEngine\src\EuclideanMeshComponentFactory.cpp(43,40): warning C4244: аргумент: преобразование "double" в "float", возможна потеря данных
C:\Denis Learning\repos\LBEngine2\LBEngine\src\EuclideanMeshComponentFactory.cpp(70,46): warning C4267: инициализация: преобразование из "size_t" в "WORD"; возможна потеря данных
C:\Denis Learning\repos\LBEngine2\LBEngine\src\EuclideanMeshComponentFactory.cpp(84,116): warning C4267: аргумент: преобразование из "size_t" в "int"; возможна потеря данных
C:\Denis Learning\repos\LBEngine2\LBEngine\src\EuclideanMeshComponentFactory.cpp(100,39): warning C4244: аргумент: преобразование "double" в "float", возможна потеря данных
C:\Denis Learning\repos\LBEngine2\LBEngine\src\EuclideanMeshComponentFactory.cpp(100,30): warning C4244: аргумент: преобразование "double" в "float", возможна потеря данных
C:\Denis Learning\repos\LBEngine2\LBEngine\src\EuclideanMeshComponentFactory.cpp(100,20): warning C4244: аргумент: преобразование "double" в "float", возможна потеря данных
C:\Denis Learning\repos\LBEngine2\LBEngine\src\EuclideanMeshComponentFactory.cpp(101,38): warning C4244: аргумент: преобразование "double" в "float", возможна потеря данных
C:\Denis Learning\repos\LBEngine2\LBEngine\src\EuclideanMeshComponentFactory.cpp(101,30): warning C4244: аргумент: преобразование "double" в "float", возможна потеря данных
C:\Denis Learning\repos\LBEngine2\LBEngine\src\EuclideanMeshComponentFactory.cpp(101,20): warning C4244: аргумент: преобразование "double" в "float", возможна потеря данных
C:\Denis Learning\repos\LBEngine2\LBEngine\src\EuclideanMeshComponentFactory.cpp(102,38): warning C4244: аргумент: преобразование "double" в "float", возможна потеря данных
C:\Denis Learning\repos\LBEngine2\LBEngine\src\EuclideanMeshComponentFactory.cpp(102,29): warning C4244: аргумент: преобразование "double" в "float", возможна потеря данных
C:\Denis Learning\repos\LBEngine2\LBEngine\src\EuclideanMeshComponentFactory.cpp(102,20): warning C4244: аргумент: преобразование "double" в "float", возможна потеря данных
C:\Denis Learning\repos\LBEngine2\LBEngine\src\EuclideanMeshComponentFactory.cpp(103,37): warning C4244: аргумент: преобразование "double" в "float", возможна потеря данных
C:\Denis Learning\repos\LBEngine2\LBEngine\src\EuclideanMeshComponentFactory.cpp(103,29): warning C4244: аргумент: преобразование "double" в "float", возможна потеря данных
C:\Denis Learning\repos\LBEngine2\LBEngine\src\EuclideanMeshComponentFactory.cpp(103,20): warning C4244: аргумент: преобразование "double" в "float", возможна потеря данных
C:\Denis Learning\repos\LBEngine2\LBEngine\src\EuclideanMeshComponentFactory.cpp(106,39): warning C4244: аргумент: преобразование "double" в "float", возможна потеря данных
C:\Denis Learning\repos\LBEngine2\LBEngine\src\EuclideanMeshComponentFactory.cpp(106,30): warning C4244: аргумент: преобразование "double" в "float", возможна потеря данных
C:\Denis Learning\repos\LBEngine2\LBEngine\src\EuclideanMeshComponentFactory.cpp(106,20): warning C4244: аргумент: преобразование "double" в "float", возможна потеря данных
C:\Denis Learning\repos\LBEngine2\LBEngine\src\EuclideanMeshComponentFactory.cpp(107,39): warning C4244: аргумент: преобразование "double" в "float", возможна потеря данных
C:\Denis Learning\repos\LBEngine2\LBEngine\src\EuclideanMeshComponentFactory.cpp(107,30): warning C4244: аргумент: преобразование "double" в "float", возможна потеря данных
C:\Denis Learning\repos\LBEngine2\LBEngine\src\EuclideanMeshComponentFactory.cpp(107,20): warning C4244: аргумент: преобразование "double" в "float", возможна потеря данных
C:\Denis Learning\repos\LBEngine2\LBEngine\src\EuclideanMeshComponentFactory.cpp(108,38): warning C4244: аргумент: преобразование "double" в "float", возможна потеря данных
C:\Denis Learning\repos\LBEngine2\LBEngine\src\EuclideanMeshComponentFactory.cpp(108,30): warning C4244: аргумент: преобразование "double" в "float", возможна потеря данных
C:\Denis Learning\repos\LBEngine2\LBEngine\src\EuclideanMeshComponentFactory.cpp(108,20): warning C4244: аргумент: преобразование "double" в "float", возможна потеря данных
C:\Denis Learning\repos\LBEngine2\LBEngine\src\EuclideanMeshComponentFactory.cpp(109,38): warning C4244: аргумент: преобразование "double" в "float", возможна потеря данных
C:\Denis Learning\repos\LBEngine2\LBEngine\src\EuclideanMeshComponentFactory.cpp(109,30): warning C4244: аргумент: преобразование "double" в "float", возможна потеря данных
C:\Denis Learning\repos\LBEngine2\LBEngine\src\EuclideanMeshComponentFactory.cpp(109,20): warning C4244: аргумент: преобразование "double" в "float", возможна потеря данных
C:\Denis Learning\repos\LBEngine2\LBEngine\src\EuclideanMeshComponentFactory.cpp(112,38): warning C4244: аргумент: преобразование "double" в "float", возможна потеря данных
C:\Denis Learning\repos\LBEngine2\LBEngine\src\EuclideanMeshComponentFactory.cpp(112,29): warning C4244: аргумент: преобразование "double" в "float", возможна потеря данных
C:\Denis Learning\repos\LBEngine2\LBEngine\src\EuclideanMeshComponentFactory.cpp(112,20): warning C4244: аргумент: преобразование "double" в "float", возможна потеря данных
C:\Denis Learning\repos\LBEngine2\LBEngine\src\EuclideanMeshComponentFactory.cpp(113,37): warning C4244: аргумент: преобразование "double" в "float", возможна потеря данных
C:\Denis Learning\repos\LBEngine2\LBEngine\src\EuclideanMeshComponentFactory.cpp(113,29): warning C4244: аргумент: преобразование "double" в "float", возможна потеря данных
C:\Denis Learning\repos\LBEngine2\LBEngine\src\EuclideanMeshComponentFactory.cpp(113,20): warning C4244: аргумент: преобразование "double" в "float", возможна потеря данных
C:\Denis Learning\repos\LBEngine2\LBEngine\src\EuclideanMeshComponentFactory.cpp(114,38): warning C4244: аргумент: преобразование "double" в "float", возможна потеря данных
C:\Denis Learning\repos\LBEngine2\LBEngine\src\EuclideanMeshComponentFactory.cpp(114,29): warning C4244: аргумент: преобразование "double" в "float", возможна потеря данных
C:\Denis Learning\repos\LBEngine2\LBEngine\src\EuclideanMeshComponentFactory.cpp(114,20): warning C4244: аргумент: преобразование "double" в "float", возможна потеря данных
C:\Denis Learning\repos\LBEngine2\LBEngine\src\EuclideanMeshComponentFactory.cpp(115,37): warning C4244: аргумент: преобразование "double" в "float", возможна потеря данных
C:\Denis Learning\repos\LBEngine2\LBEngine\src\EuclideanMeshComponentFactory.cpp(115,29): warning C4244: аргумент: преобразование "double" в "float", возможна потеря данных
C:\Denis Learning\repos\LBEngine2\LBEngine\src\EuclideanMeshComponentFactory.cpp(115,20): warning C4244: аргумент: преобразование "double" в "float", возможна потеря данных
C:\Denis Learning\repos\LBEngine2\LBEngine\src\EuclideanMeshComponentFactory.cpp(118,38): warning C4244: аргумент: преобразование "double" в "float", возможна потеря данных
C:\Denis Learning\repos\LBEngine2\LBEngine\src\EuclideanMeshComponentFactory.cpp(118,30): warning C4244: аргумент: преобразование "double" в "float", возможна потеря данных
C:\Denis Learning\repos\LBEngine2\LBEngine\src\EuclideanMeshComponentFactory.cpp(118,20): warning C4244: аргумент: преобразование "double" в "float", возможна потеря данных
C:\Denis Learning\repos\LBEngine2\LBEngine\src\EuclideanMeshComponentFactory.cpp(119,38): warning C4244: аргумент: преобразование "double" в "float", возможна потеря данных
C:\Denis Learning\repos\LBEngine2\LBEngine\src\EuclideanMeshComponentFactory.cpp(119,30): warning C4244: аргумент: преобразование "double" в "float", возможна потеря данных
C:\Denis Learning\repos\LBEngine2\LBEngine\src\EuclideanMeshComponentFactory.cpp(119,20): warning C4244: аргумент: преобразование "double" в "float", возможна потеря данных
C:\Denis Learning\repos\LBEngine2\LBEngine\src\EuclideanMeshComponentFactory.cpp(120,37): warning C4244: аргумент: преобразование "double" в "float", возможна потеря данных
C:\Denis Learning\repos\LBEngine2\LBEngine\src\EuclideanMeshComponentFactory.cpp(120,29): warning C4244: аргумент: преобразование "double" в "float", возможна потеря данных
C:\Denis Learning\repos\LBEngine2\LBEngine\src\EuclideanMeshComponentFactory.cpp(120,20): warning C4244: аргумент: преобразование "double" в "float", возможна потеря данных
C:\Denis Learning\repos\LBEngine2\LBEngine\src\EuclideanMeshComponentFactory.cpp(121,37): warning C4244: аргумент: преобразование "double" в "float", возможна потеря данных
C:\Denis Learning\repos\LBEngine2\LBEngine\src\EuclideanMeshComponentFactory.cpp(121,29): warning C4244: аргумент: преобразование "double" в "float", возможна потеря данных
C:\Denis Learning\repos\LBEngine2\LBEngine\src\EuclideanMeshComponentFactory.cpp(121,20): warning C4244: аргумент: преобразование "double" в "float", возможна потеря данных
C:\Denis Learning\repos\LBEngine2\LBEngine\src\EuclideanMeshComponentFactory.cpp(124,39): warning C4244: аргумент: преобразование "double" в "float", возможна потеря данных
C:\Denis Learning\repos\LBEngine2\LBEngine\src\EuclideanMeshComponentFactory.cpp(124,30): warning C4244: аргумент: преобразование "double" в "float", возможна потеря данных
C:\Denis Learning\repos\LBEngine2\LBEngine\src\EuclideanMeshComponentFactory.cpp(124,20): warning C4244: аргумент: преобразование "double" в "float", возможна потеря данных
C:\Denis Learning\repos\LBEngine2\LBEngine\src\EuclideanMeshComponentFactory.cpp(125,39): warning C4244: аргумент: преобразование "double" в "float", возможна потеря данных
C:\Denis Learning\repos\LBEngine2\LBEngine\src\EuclideanMeshComponentFactory.cpp(125,30): warning C4244: аргумент: преобразование "double" в "float", возможна потеря данных
C:\Denis Learning\repos\LBEngine2\LBEngine\src\EuclideanMeshComponentFactory.cpp(125,20): warning C4244: аргумент: преобразование "double" в "float", возможна потеря данных
C:\Denis Learning\repos\LBEngine2\LBEngine\src\EuclideanMeshComponentFactory.cpp(126,38): warning C4244: аргумент: преобразование "double" в "float", возможна потеря данных
C:\Denis Learning\repos\LBEngine2\LBEngine\src\EuclideanMeshComponentFactory.cpp(126,29): warning C4244: аргумент: преобразование "double" в "float", возможна потеря данных
C:\Denis Learning\repos\LBEngine2\LBEngine\src\EuclideanMeshComponentFactory.cpp(126,20): warning C4244: аргумент: преобразование "double" в "float", возможна потеря данных
C:\Denis Learning\repos\LBEngine2\LBEngine\src\EuclideanMeshComponentFactory.cpp(127,38): warning C4244: аргумент: преобразование "double" в "float", возможна потеря данных
C:\Denis Learning\repos\LBEngine2\LBEngine\src\EuclideanMeshComponentFactory.cpp(127,29): warning C4244: аргумент: преобразование "double" в "float", возможна потеря данных
C:\Denis Learning\repos\LBEngine2\LBEngine\src\EuclideanMeshComponentFactory.cpp(127,20): warning C4244: аргумент: преобразование "double" в "float", возможна потеря данных
C:\Denis Learning\repos\LBEngine2\LBEngine\src\EuclideanMeshComponentFactory.cpp(130,37): warning C4244: аргумент: преобразование "double" в "float", возможна потеря данных
C:\Denis Learning\repos\LBEngine2\LBEngine\src\EuclideanMeshComponentFactory.cpp(130,29): warning C4244: аргумент: преобразование "double" в "float", возможна потеря данных
C:\Denis Learning\repos\LBEngine2\LBEngine\src\EuclideanMeshComponentFactory.cpp(130,20): warning C4244: аргумент: преобразование "double" в "float", возможна потеря данных
C:\Denis Learning\repos\LBEngine2\LBEngine\src\EuclideanMeshComponentFactory.cpp(131,38): warning C4244: аргумент: преобразование "double" в "float", возможна потеря данных
C:\Denis Learning\repos\LBEngine2\LBEngine\src\EuclideanMeshComponentFactory.cpp(131,30): warning C4244: аргумент: преобразование "double" в "float", возможна потеря данных
C:\Denis Learning\repos\LBEngine2\LBEngine\src\EuclideanMeshComponentFactory.cpp(131,20): warning C4244: аргумент: преобразование "double" в "float", возможна потеря данных
C:\Denis Learning\repos\LBEngine2\LBEngine\src\EuclideanMeshComponentFactory.cpp(132,39): warning C4244: аргумент: преобразование "double" в "float", возможна потеря данных
C:\Denis Learning\repos\LBEngine2\LBEngine\src\EuclideanMeshComponentFactory.cpp(132,30): warning C4244: аргумент: преобразование "double" в "float", возможна потеря данных
C:\Denis Learning\repos\LBEngine2\LBEngine\src\EuclideanMeshComponentFactory.cpp(132,20): warning C4244: аргумент: преобразование "double" в "float", возможна потеря данных
C:\Denis Learning\repos\LBEngine2\LBEngine\src\EuclideanMeshComponentFactory.cpp(133,38): warning C4244: аргумент: преобразование "double" в "float", возможна потеря данных
C:\Denis Learning\repos\LBEngine2\LBEngine\src\EuclideanMeshComponentFactory.cpp(133,29): warning C4244: аргумент: преобразование "double" в "float", возможна потеря данных
C:\Denis Learning\repos\LBEngine2\LBEngine\src\EuclideanMeshComponentFactory.cpp(133,20): warning C4244: аргумент: преобразование "double" в "float", возможна потеря данных
C:\Denis Learning\repos\LBEngine2\LBEngine\src\EuclideanMeshComponentFactory.cpp(160,91): warning C4244: аргумент: преобразование "unsigned __int64" в "int", возможна потеря данных
C:\Denis Learning\repos\LBEngine2\LBEngine\src\EuclideanMeshComponentFactory.cpp(160,66): warning C4244: аргумент: преобразование "unsigned __int64" в "int", возможна потеря данных
C:\Denis Learning\repos\LBEngine2\LBEngine\src\EuclideanMeshComponentFactory.cpp(211,78): warning C4244: аргумент: преобразование "double" в "float", возможна потеря данных
C:\Denis Learning\repos\LBEngine2\LBEngine\src\EuclideanMeshComponentFactory.cpp(211,75): warning C4244: аргумент: преобразование "_Ty" в "float", возможна потеря данных
          with
          [
              _Ty=double
          ]
C:\Denis Learning\repos\LBEngine2\LBEngine\src\EuclideanMeshComponentFactory.cpp(211,64): warning C4244: аргумент: преобразование "_Ty" в "float", возможна потеря данных
          with
          [
              _Ty=double
          ]
C:\Denis Learning\repos\LBEngine2\LBEngine\src\EuclideanMeshComponentFactory.cpp(211,53): warning C4244: аргумент: преобразование "_Ty" в "float", возможна потеря данных
          with
          [
              _Ty=double
          ]
C:\Denis Learning\repos\LBEngine2\LBEngine\src\EuclideanMeshComponentFactory.cpp(221,58): warning C4244: аргумент: преобразование "_Ty" в "float", возможна потеря данных
          with
          [
              _Ty=double
          ]
C:\Denis Learning\repos\LBEngine2\LBEngine\src\EuclideanMeshComponentFactory.cpp(221,47): warning C4244: аргумент: преобразование "_Ty" в "float", возможна потеря данных
          with
          [
              _Ty=double
          ]
C:\Denis Learning\repos\LBEngine2\LBEngine\src\EuclideanMeshComponentFactory.cpp(254,136): warning C4267: аргумент: преобразование из "size_t" в "int"; возможна потеря данных
  HyperbolicCameraComponent.cpp
  HyperbolicControlSystem.cpp
C:\Denis Learning\repos\LBEngine2\LBEngine\inc\FPSCounter.h(17,23): warning C4244: инициализация: преобразование "double" в "size_t", возможна потеря данных
C:\Denis Learning\repos\LBEngine2\LBEngine\src\HyperbolicControlSystem.cpp(41,37): warning C4244: аргумент: преобразование "double" в "float", возможна потеря данных
C:\Denis Learning\repos\LBEngine2\LBEngine\src\HyperbolicControlSystem.cpp(42,39): warning C4244: аргумент: преобразование "double" в "float", возможна потеря данных
C:\Denis Learning\repos\LBEngine2\LBEngine\src\HyperbolicControlSystem.cpp(61,36): warning C4244: аргумент: преобразование "double" в "float", возможна потеря данных
C:\Denis Learning\repos\LBEngine2\LBEngine\src\HyperbolicControlSystem.cpp(61,28): warning C4244: аргумент: преобразование "double" в "float", возможна потеря данных
  HyperbolicExpFogEffect.cpp
C:\Denis Learning\repos\LBEngine2\LBEngine\inc\FPSCounter.h(17,23): warning C4244: инициализация: преобразование "double" в "size_t", возможна потеря данных
  HyperbolicMath.cpp
  HyperbolicMeshComponentFactory.cpp
C:\Denis Learning\repos\LBEngine2\LBEngine\inc\FPSCounter.h(17,23): warning C4244: инициализация: преобразование "double" в "size_t", возможна потеря данных
C:\Denis Learning\repos\LBEngine2\LBEngine\src\HyperbolicMeshComponentFactory.cpp(23,50): warning C4244: аргумент: преобразование "double" в "float", возможна потеря данных
C:\Denis Learning\repos\LBEngine2\LBEngine\src\HyperbolicMeshComponentFactory.cpp(23,37): warning C4244: аргумент: преобразование "double" в "float", возможна потеря данных
C:\Denis Learning\repos\LBEngine2\LBEngine\src\HyperbolicMeshComponentFactory.cpp(35,17): warning C4244: аргумент: преобразование "double" в "float", возможна потеря данных
C:\Denis Learning\repos\LBEngine2\LBEngine\src\HyperbolicMeshComponentFactory.cpp(34,37): warning C4244: аргумент: преобразование "double" в "float", возможна потеря данных
C:\Denis Learning\repos\LBEngine2\LBEngine\src\HyperbolicMeshComponentFactory.cpp(33,25): warning C4244: аргумент: преобразование "double" в "float", возможна потеря данных
C:\Denis Learning\repos\LBEngine2\LBEngine\src\HyperbolicMeshComponentFactory.cpp(32,37): warning C4244: аргумент: преобразование "double" в "float", возможна потеря данных
C:\Denis Learning\repos\LBEngine2\LBEngine\src\HyperbolicMeshComponentFactory.cpp(45,54): warning C4244: аргумент: преобразование "double" в "float", возможна потеря данных
C:\Denis Learning\repos\LBEngine2\LBEngine\src\HyperbolicMeshComponentFactory.cpp(45,40): warning C4244: аргумент: преобразование "double" в "float", возможна потеря данных
C:\Denis Learning\repos\LBEngine2\LBEngine\src\HyperbolicMeshComponentFactory.cpp(76,46): warning C4267: инициализация: преобразование из "size_t" в "WORD"; возможна потеря данных
C:\Denis Learning\repos\LBEngine2\LBEngine\src\HyperbolicMeshComponentFactory.cpp(91,116): warning C4267: аргумент: преобразование из "size_t" в "int"; возможна потеря данных
  HyperbolicRenderSystem.cpp
C:\Denis Learning\repos\LBEngine2\LBEngine\inc\FPSCounter.h(17,23): warning C4244: инициализация: преобразование "double" в "size_t", возможна потеря данных
  HyperbolicTransformComponent.cpp
C:\Denis Learning\repos\LBEngine2\LBEngine\src\HyperbolicTransformComponent.cpp(36,38): warning C4244: аргумент: преобразование "double" в "float", возможна потеря данных
C:\Denis Learning\repos\LBEngine2\LBEngine\src\HyperbolicTransformComponent.cpp(36,68): warning C4244: аргумент: преобразование "double" в "float", возможна потеря данных
C:\Denis Learning\repos\LBEngine2\LBEngine\src\HyperbolicTransformComponent.cpp(36,98): warning C4244: аргумент: преобразование "double" в "float", возможна потеря данных
C:\Denis Learning\repos\LBEngine2\LBEngine\src\HyperbolicTransformComponent.cpp(82,30): warning C4244: аргумент: преобразование "double" в "float", возможна потеря данных
C:\Denis Learning\repos\LBEngine2\LBEngine\src\HyperbolicTransformComponent.cpp(83,32): warning C4244: аргумент: преобразование "double" в "float", возможна потеря данных
C:\Denis Learning\repos\LBEngine2\LBEngine\src\HyperbolicTransformComponent.cpp(84,31): warning C4244: аргумент: преобразование "double" в "float", возможна потеря данных
  InputComponent.cpp
  Создание кода...
  Компиляция...
  InputSystem.cpp
C:\Denis Learning\repos\LBEngine2\LBEngine\inc\FPSCounter.h(17,23): warning C4244: инициализация: преобразование "double" в "size_t", возможна потеря данных
  MeshComponentFactory.cpp
  Sound.cpp
C:\Denis Learning\repos\LBEngine2\LBEngine\inc\FPSCounter.h(17,23): warning C4244: инициализация: преобразование "double" в "size_t", возможна потеря данных
  SphericalDopplerEffect.cpp
C:\Denis Learning\repos\LBEngine2\LBEngine\inc\FPSCounter.h(17,23): warning C4244: инициализация: преобразование "double" в "size_t", возможна потеря данных
  SphericalExpFogPointEffect.cpp
C:\Denis Learning\repos\LBEngine2\LBEngine\inc\FPSCounter.h(17,23): warning C4244: инициализация: преобразование "double" в "size_t", возможна потеря данных
  SphericalRenderingComponent.cpp
  System.cpp
C:\Denis Learning\repos\LBEngine2\LBEngine\inc\FPSCounter.h(17,23): warning C4244: инициализация: преобразование "double" в "size_t", возможна потеря данных
  TextPrintingSystem.cpp
C:\Denis Learning\repos\LBEngine2\LBEngine\inc\FPSCounter.h(17,23): warning C4244: инициализация: преобразование "double" в "size_t", возможна потеря данных
  SphericalCameraComponent.cpp
  SphericalControlSystem.cpp
C:\Denis Learning\repos\LBEngine2\LBEngine\inc\FPSCounter.h(17,23): warning C4244: инициализация: преобразование "double" в "size_t", возможна потеря данных
C:\Denis Learning\repos\LBEngine2\LBEngine\src\SphericalControlSystem.cpp(53,36): warning C4244: аргумент: преобразование "double" в "float", возможна потеря данных
C:\Denis Learning\repos\LBEngine2\LBEngine\src\SphericalControlSystem.cpp(54,38): warning C4244: аргумент: преобразование "double" в "float", возможна потеря данных
C:\Denis Learning\repos\LBEngine2\LBEngine\src\SphericalControlSystem.cpp(82,36): warning C4244: аргумент: преобразование "double" в "float", возможна потеря данных
C:\Denis Learning\repos\LBEngine2\LBEngine\src\SphericalControlSystem.cpp(82,32): warning C4244: аргумент: преобразование "double" в "float", возможна потеря данных
C:\Denis Learning\repos\LBEngine2\LBEngine\src\SphericalControlSystem.cpp(82,28): warning C4244: аргумент: преобразование "double" в "float", возможна потеря данных
  SphericalEffect.cpp
  SphericalExpFogEffect.cpp
C:\Denis Learning\repos\LBEngine2\LBEngine\inc\FPSCounter.h(17,23): warning C4244: инициализация: преобразование "double" в "size_t", возможна потеря данных
  MeshLoader.cpp
  ResourceManager.cpp
C:\Denis Learning\repos\LBEngine2\LBEngine\inc\FPSCounter.h(17,23): warning C4244: инициализация: преобразование "double" в "size_t", возможна потеря данных
  SphericalMath.cpp
C:\Denis Learning\repos\LBEngine2\LBEngine\src\SphericalMath.cpp(14,16): warning C4244: аргумент: преобразование "double" в "float", возможна потеря данных
C:\Denis Learning\repos\LBEngine2\LBEngine\src\SphericalMath.cpp(19,32): warning C4244: аргумент: преобразование "double" в "float", возможна потеря данных
C:\Denis Learning\repos\LBEngine2\LBEngine\src\SphericalMath.cpp(20,14): warning C4244: инициализация: преобразование "double" в "float", возможна потеря данных
C:\Denis Learning\repos\LBEngine2\LBEngine\src\SphericalMath.cpp(24,17): warning C4244: аргумент: преобразование "double" в "float", возможна потеря данных
C:\Denis Learning\repos\LBEngine2\LBEngine\src\SphericalMath.cpp(32,17): warning C4244: аргумент: преобразование "double" в "float", возможна потеря данных
C:\Denis Learning\repos\LBEngine2\LBEngine\src\SphericalMath.cpp(37,33): warning C4244: аргумент: преобразование "double" в "float", возможна потеря данных
C:\Denis Learning\repos\LBEngine2\LBEngine\src\SphericalMath.cpp(38,14): warning C4244: инициализация: преобразование "double" в "float", возможна потеря данных
C:\Denis Learning\repos\LBEngine2\LBEngine\src\SphericalMath.cpp(42,17): warning C4244: аргумент: преобразование "double" в "float", возможна потеря данных
C:\Denis Learning\repos\LBEngine2\LBEngine\src\SphericalMath.cpp(50,17): warning C4244: аргумент: преобразование "double" в "float", возможна потеря данных
C:\Denis Learning\repos\LBEngine2\LBEngine\src\SphericalMath.cpp(55,33): warning C4244: аргумент: преобразование "double" в "float", возможна потеря данных
C:\Denis Learning\repos\LBEngine2\LBEngine\src\SphericalMath.cpp(56,14): warning C4244: инициализация: преобразование "double" в "float", возможна потеря данных
C:\Denis Learning\repos\LBEngine2\LBEngine\src\SphericalMath.cpp(60,17): warning C4244: аргумент: преобразование "double" в "float", возможна потеря данных
C:\Denis Learning\repos\LBEngine2\LBEngine\src\SphericalMath.cpp(116,20): warning C4244: return: преобразование "double" в "float", возможна потеря данных
  SphericalMeshComponentFactory.cpp
C:\Denis Learning\repos\LBEngine2\LBEngine\inc\FPSCounter.h(17,23): warning C4244: инициализация: преобразование "double" в "size_t", возможна потеря данных
C:\Denis Learning\repos\LBEngine2\LBEngine\src\SphericalMeshComponentFactory.cpp(119,17): warning C4244: аргумент: преобразование "double" в "float", возможна потеря данных
C:\Denis Learning\repos\LBEngine2\LBEngine\src\SphericalMeshComponentFactory.cpp(118,24): warning C4244: аргумент: преобразование "double" в "float", возможна потеря данных
C:\Denis Learning\repos\LBEngine2\LBEngine\src\SphericalMeshComponentFactory.cpp(117,24): warning C4244: аргумент: преобразование "double" в "float", возможна потеря данных
C:\Denis Learning\repos\LBEngine2\LBEngine\src\SphericalMeshComponentFactory.cpp(116,24): warning C4244: аргумент: преобразование "double" в "float", возможна потеря данных
C:\Denis Learning\repos\LBEngine2\LBEngine\src\SphericalMeshComponentFactory.cpp(172,49): warning C4267: аргумент: преобразование из "size_t" в "_Ty"; возможна потеря данных
          with
          [
              _Ty=WORD
          ]
C:\Denis Learning\repos\LBEngine2\LBEngine\src\SphericalMeshComponentFactory.cpp(173,45): warning C4267: аргумент: преобразование из "size_t" в "_Ty"; возможна потеря данных
          with
          [
              _Ty=WORD
          ]
C:\Denis Learning\repos\LBEngine2\LBEngine\src\SphericalMeshComponentFactory.cpp(174,49): warning C4267: аргумент: преобразование из "size_t" в "_Ty"; возможна потеря данных
          with
          [
              _Ty=WORD
          ]
C:\Denis Learning\repos\LBEngine2\LBEngine\src\SphericalMeshComponentFactory.cpp(177,49): warning C4267: аргумент: преобразование из "size_t" в "_Ty"; возможна потеря данных
          with
          [
              _Ty=WORD
          ]
C:\Denis Learning\repos\LBEngine2\LBEngine\src\SphericalMeshComponentFactory.cpp(178,49): warning C4267: аргумент: преобразование из "size_t" в "_Ty"; возможна потеря данных
          with
          [
              _Ty=WORD
          ]
C:\Denis Learning\repos\LBEngine2\LBEngine\src\SphericalMeshComponentFactory.cpp(179,53): warning C4267: аргумент: преобразование из "size_t" в "_Ty"; возможна потеря данных
          with
          [
              _Ty=WORD
          ]
C:\Denis Learning\repos\LBEngine2\LBEngine\src\SphericalMeshComponentFactory.cpp(193,116): warning C4267: аргумент: преобразование из "size_t" в "int"; возможна потеря данных
  SphericalRenderSystem.cpp
C:\Denis Learning\repos\LBEngine2\LBEngine\inc\FPSCounter.h(17,23): warning C4244: инициализация: преобразование "double" в "size_t", возможна потеря данных
  SphericalTransformComponent.cpp
C:\Denis Learning\repos\LBEngine2\LBEngine\src\SphericalTransformComponent.cpp(41,34): warning C4244: аргумент: преобразование "double" в "float", возможна потеря данных
C:\Denis Learning\repos\LBEngine2\LBEngine\src\SphericalTransformComponent.cpp(41,60): warning C4244: аргумент: преобразование "double" в "float", возможна потеря данных
C:\Denis Learning\repos\LBEngine2\LBEngine\src\SphericalTransformComponent.cpp(41,86): warning C4244: аргумент: преобразование "double" в "float", возможна потеря данных
C:\Denis Learning\repos\LBEngine2\LBEngine\src\SphericalTransformComponent.cpp(54,15): warning C4244: =: преобразование "double" в "float", возможна потеря данных
C:\Denis Learning\repos\LBEngine2\LBEngine\src\SphericalTransformComponent.cpp(55,15): warning C4244: =: преобразование "double" в "float", возможна потеря данных
C:\Denis Learning\repos\LBEngine2\LBEngine\src\SphericalTransformComponent.cpp(56,15): warning C4244: =: преобразование "double" в "float", возможна потеря данных
C:\Denis Learning\repos\LBEngine2\LBEngine\src\SphericalTransformComponent.cpp(57,15): warning C4244: =: преобразование "double" в "float", возможна потеря данных
C:\Denis Learning\repos\LBEngine2\LBEngine\src\SphericalTransformComponent.cpp(59,15): warning C4244: =: преобразование "double" в "float", возможна потеря данных
C:\Denis Learning\repos\LBEngine2\LBEngine\src\SphericalTransformComponent.cpp(60,15): warning C4244: =: преобразование "double" в "float", возможна потеря данных
C:\Denis Learning\repos\LBEngine2\LBEngine\src\SphericalTransformComponent.cpp(61,15): warning C4244: =: преобразование "double" в "float", возможна потеря данных
C:\Denis Learning\repos\LBEngine2\LBEngine\src\SphericalTransformComponent.cpp(62,15): warning C4244: =: преобразование "double" в "float", возможна потеря данных
C:\Denis Learning\repos\LBEngine2\LBEngine\src\SphericalTransformComponent.cpp(64,15): warning C4244: =: преобразование "double" в "float", возможна потеря данных
C:\Denis Learning\repos\LBEngine2\LBEngine\src\SphericalTransformComponent.cpp(65,15): warning C4244: =: преобразование "double" в "float", возможна потеря данных
C:\Denis Learning\repos\LBEngine2\LBEngine\src\SphericalTransformComponent.cpp(66,15): warning C4244: =: преобразование "double" в "float", возможна потеря данных
C:\Denis Learning\repos\LBEngine2\LBEngine\src\SphericalTransformComponent.cpp(67,15): warning C4244: =: преобразование "double" в "float", возможна потеря данных
C:\Denis Learning\repos\LBEngine2\LBEngine\src\SphericalTransformComponent.cpp(69,15): warning C4244: =: преобразование "double" в "float", возможна потеря данных
C:\Denis Learning\repos\LBEngine2\LBEngine\src\SphericalTransformComponent.cpp(70,15): warning C4244: =: преобразование "double" в "float", возможна потеря данных
C:\Denis Learning\repos\LBEngine2\LBEngine\src\SphericalTransformComponent.cpp(71,15): warning C4244: =: преобразование "double" в "float", возможна потеря данных
C:\Denis Learning\repos\LBEngine2\LBEngine\src\SphericalTransformComponent.cpp(72,15): warning C4244: =: преобразование "double" в "float", возможна потеря данных
C:\Denis Learning\repos\LBEngine2\LBEngine\src\SphericalTransformComponent.cpp(119,29): warning C4244: аргумент: преобразование "double" в "float", возможна потеря данных
C:\Denis Learning\repos\LBEngine2\LBEngine\src\SphericalTransformComponent.cpp(120,31): warning C4244: аргумент: преобразование "double" в "float", возможна потеря данных
C:\Denis Learning\repos\LBEngine2\LBEngine\src\SphericalTransformComponent.cpp(121,30): warning C4244: аргумент: преобразование "double" в "float", возможна потеря данных
C:\Denis Learning\repos\LBEngine2\LBEngine\src\SphericalTransformComponent.cpp(136,15): warning C4244: аргумент: преобразование "double" в "float", возможна потеря данных
  TextComponent.cpp
  Timer.cpp
  Создание кода...
C:\Denis Learning\repos\LBEngine2\LBEngine\src\SphericalCameraComponent.cpp(36): warning C4172: возвращение адреса локальной или временной переменной
C:\Denis Learning\repos\LBEngine2\LBEngine\src\SphericalCameraComponent.cpp(29): warning C4172: возвращение адреса локальной или временной переменной
C:\Denis Learning\repos\LBEngine2\LBEngine\src\SphericalCameraComponent.cpp(22): warning C4172: возвращение адреса локальной или временной переменной
  Компиляция...
  ToricControlSystem.cpp
C:\Denis Learning\repos\LBEngine2\LBEngine\inc\FPSCounter.h(17,23): warning C4244: инициализация: преобразование "double" в "size_t", возможна потеря данных
C:\Denis Learning\repos\LBEngine2\LBEngine\src\ToricControlSystem.cpp(23,60): warning C4244: аргумент: преобразование "double" в "float", возможна потеря данных
C:\Denis Learning\repos\LBEngine2\LBEngine\src\ToricControlSystem.cpp(23,1): warning C4305: аргумент: усечение из "double" в "float"
C:\Denis Learning\repos\LBEngine2\LBEngine\src\ToricControlSystem.cpp(26,46): warning C4244: аргумент: преобразование "double" в "float", возможна потеря данных
C:\Denis Learning\repos\LBEngine2\LBEngine\src\ToricControlSystem.cpp(27,46): warning C4244: аргумент: преобразование "double" в "float", возможна потеря данных
  ToricExpFogEffect.cpp
C:\Denis Learning\repos\LBEngine2\LBEngine\inc\FPSCounter.h(17,23): warning C4244: инициализация: преобразование "double" в "size_t", возможна потеря данных
  ToricRenderSystem.cpp
C:\Denis Learning\repos\LBEngine2\LBEngine\inc\FPSCounter.h(17,23): warning C4244: инициализация: преобразование "double" в "size_t", возможна потеря данных
C:\Denis Learning\repos\LBEngine2\LBEngine\src\ToricRenderSystem.cpp(57,58): warning C4244: аргумент: преобразование "double" в "float", возможна потеря данных
C:\Denis Learning\repos\LBEngine2\LBEngine\src\ToricRenderSystem.cpp(57,55): warning C4244: аргумент: преобразование "double" в "float", возможна потеря данных
C:\Denis Learning\repos\LBEngine2\LBEngine\src\ToricRenderSystem.cpp(57,52): warning C4244: аргумент: преобразование "double" в "float", возможна потеря данных
C:\Denis Learning\repos\LBEngine2\LBEngine\src\ToricRenderSystem.cpp(65,10): warning C4101: result: неиспользованная локальная переменная
  ToricTransformComponent.cpp
C:\Denis Learning\repos\LBEngine2\LBEngine\src\ToricTransformComponent.cpp(36,27): warning C4244: аргумент: преобразование "double" в "float", возможна потеря данных
C:\Denis Learning\repos\LBEngine2\LBEngine\src\ToricTransformComponent.cpp(36,24): warning C4244: аргумент: преобразование "double" в "float", возможна потеря данных
C:\Denis Learning\repos\LBEngine2\LBEngine\src\ToricTransformComponent.cpp(36,21): warning C4244: аргумент: преобразование "double" в "float", возможна потеря данных
C:\Denis Learning\repos\LBEngine2\LBEngine\src\ToricTransformComponent.cpp(74,15): warning C4244: -=: преобразование "double" в "float", возможна потеря данных
C:\Denis Learning\repos\LBEngine2\LBEngine\src\ToricTransformComponent.cpp(76,15): warning C4244: +=: преобразование "double" в "float", возможна потеря данных
C:\Denis Learning\repos\LBEngine2\LBEngine\src\ToricTransformComponent.cpp(82,15): warning C4244: -=: преобразование "double" в "float", возможна потеря данных
C:\Denis Learning\repos\LBEngine2\LBEngine\src\ToricTransformComponent.cpp(84,15): warning C4244: +=: преобразование "double" в "float", возможна потеря данных
C:\Denis Learning\repos\LBEngine2\LBEngine\src\ToricTransformComponent.cpp(90,15): warning C4244: -=: преобразование "double" в "float", возможна потеря данных
C:\Denis Learning\repos\LBEngine2\LBEngine\src\ToricTransformComponent.cpp(92,15): warning C4244: +=: преобразование "double" в "float", возможна потеря данных
  TransformComponent.cpp
C:\Denis Learning\repos\LBEngine2\LBEngine\src\TransformComponent.cpp(11,41): warning C4244: аргумент: преобразование "double" в "float", возможна потеря данных
C:\Denis Learning\repos\LBEngine2\LBEngine\src\TransformComponent.cpp(11,38): warning C4244: аргумент: преобразование "double" в "float", возможна потеря данных
C:\Denis Learning\repos\LBEngine2\LBEngine\src\TransformComponent.cpp(11,35): warning C4244: аргумент: преобразование "double" в "float", возможна потеря данных
C:\Denis Learning\repos\LBEngine2\LBEngine\src\TransformComponent.cpp(19,41): warning C4244: аргумент: преобразование "double" в "float", возможна потеря данных
C:\Denis Learning\repos\LBEngine2\LBEngine\src\TransformComponent.cpp(19,38): warning C4244: аргумент: преобразование "double" в "float", возможна потеря данных
C:\Denis Learning\repos\LBEngine2\LBEngine\src\TransformComponent.cpp(19,35): warning C4244: аргумент: преобразование "double" в "float", возможна потеря данных
C:\Denis Learning\repos\LBEngine2\LBEngine\src\TransformComponent.cpp(19,64): warning C4244: аргумент: преобразование "double" в "float", возможна потеря данных
C:\Denis Learning\repos\LBEngine2\LBEngine\src\TransformComponent.cpp(19,60): warning C4244: аргумент: преобразование "double" в "float", возможна потеря данных
C:\Denis Learning\repos\LBEngine2\LBEngine\src\TransformComponent.cpp(19,56): warning C4244: аргумент: преобразование "double" в "float", возможна потеря данных
C:\Denis Learning\repos\LBEngine2\LBEngine\src\TransformComponent.cpp(20,18): warning C4244: аргумент: преобразование "double" в "float", возможна потеря данных
C:\Denis Learning\repos\LBEngine2\LBEngine\src\TransformComponent.cpp(20,14): warning C4244: аргумент: преобразование "double" в "float", возможна потеря данных
C:\Denis Learning\repos\LBEngine2\LBEngine\src\TransformComponent.cpp(20,10): warning C4244: аргумент: преобразование "double" в "float", возможна потеря данных
C:\Denis Learning\repos\LBEngine2\LBEngine\src\TransformComponent.cpp(37,35): warning C4244: аргумент: преобразование "double" в "float", возможна потеря данных
C:\Denis Learning\repos\LBEngine2\LBEngine\src\TransformComponent.cpp(37,32): warning C4244: аргумент: преобразование "double" в "float", возможна потеря данных
C:\Denis Learning\repos\LBEngine2\LBEngine\src\TransformComponent.cpp(37,29): warning C4244: аргумент: преобразование "double" в "float", возможна потеря данных
C:\Denis Learning\repos\LBEngine2\LBEngine\src\TransformComponent.cpp(51,31): warning C4244: аргумент: преобразование "double" в "float", возможна потеря данных
C:\Denis Learning\repos\LBEngine2\LBEngine\src\TransformComponent.cpp(51,27): warning C4244: аргумент: преобразование "double" в "float", возможна потеря данных
C:\Denis Learning\repos\LBEngine2\LBEngine\src\TransformComponent.cpp(51,23): warning C4244: аргумент: преобразование "double" в "float", возможна потеря данных
C:\Denis Learning\repos\LBEngine2\LBEngine\src\TransformComponent.cpp(63,37): warning C4244: аргумент: преобразование "double" в "float", возможна потеря данных
C:\Denis Learning\repos\LBEngine2\LBEngine\src\TransformComponent.cpp(63,33): warning C4244: аргумент: преобразование "double" в "float", возможна потеря данных
C:\Denis Learning\repos\LBEngine2\LBEngine\src\TransformComponent.cpp(63,29): warning C4244: аргумент: преобразование "double" в "float", возможна потеря данных
C:\Denis Learning\repos\LBEngine2\LBEngine\src\TransformComponent.cpp(68,35): warning C4244: аргумент: преобразование "double" в "float", возможна потеря данных
C:\Denis Learning\repos\LBEngine2\LBEngine\src\TransformComponent.cpp(68,30): warning C4244: аргумент: преобразование "double" в "float", возможна потеря данных
C:\Denis Learning\repos\LBEngine2\LBEngine\src\TransformComponent.cpp(68,23): warning C4244: аргумент: преобразование "double" в "float", возможна потеря данных
  TransformUpdateSystem.cpp
C:\Denis Learning\repos\LBEngine2\LBEngine\inc\FPSCounter.h(17,23): warning C4244: инициализация: преобразование "double" в "size_t", возможна потеря данных
  UpdaterComponent.cpp
  UpdaterSystem.cpp
C:\Denis Learning\repos\LBEngine2\LBEngine\inc\FPSCounter.h(17,23): warning C4244: инициализация: преобразование "double" в "size_t", возможна потеря данных
  WalkComponent.cpp
  Drawer2D.cpp
  FPSCounter.cpp
C:\Denis Learning\repos\LBEngine2\LBEngine\inc\FPSCounter.h(17,23): warning C4244: инициализация: преобразование "double" в "size_t", возможна потеря данных
C:\Denis Learning\repos\LBEngine2\LBEngine\src\FPSCounter.cpp(24,41): warning C4244: =: преобразование "double" в "unsigned int", возможна потеря данных
  Game.cpp
C:\Denis Learning\repos\LBEngine2\LBEngine\inc\FPSCounter.h(17,23): warning C4244: инициализация: преобразование "double" в "size_t", возможна потеря данных
C:\Denis Learning\repos\LBEngine2\LBEngine\src\Game.cpp(48,15): warning C4244: аргумент: преобразование "time_t" в "unsigned int", возможна потеря данных
C:\Denis Learning\repos\LBEngine2\LBEngine\src\Game.cpp(432,25): warning C4244: аргумент: преобразование "int" в "float", возможна потеря данных
C:\Denis Learning\repos\LBEngine2\LBEngine\src\Game.cpp(470,13): warning C4101: hr: неиспользованная локальная переменная
  GameWindows.cpp
C:\Denis Learning\repos\LBEngine2\LBEngine\inc\FPSCounter.h(17,23): warning C4244: инициализация: преобразование "double" в "size_t", возможна потеря данных
  TextDrawer.cpp
  Texture.cpp
C:\Denis Learning\repos\LBEngine2\LBEngine\inc\FPSCounter.h(17,23): warning C4244: инициализация: преобразование "double" в "size_t", возможна потеря данных
  Scene.cpp
C:\Denis Learning\repos\LBEngine2\LBEngine\inc\FPSCounter.h(17,23): warning C4244: инициализация: преобразование "double" в "size_t", возможна потеря данных
  Создание кода...
  LBEngine.vcxproj -> C:\Denis Learning\repos\LBEngine2\LBEngine\bin64\LBEngined.lib
